Using pre-set license
Built from '6000.1/staging' branch; Version is '6000.1.11f1 (9b156bbbd4df) revision 10163563'; Using compiler version '194234433'; Build Type 'Release'
OS: 'Windows 11  (10.0.26100) 64bit Professional' Language: 'es' Physical Memory: 32473 MB
BatchMode: 1, IsHumanControllingUs: 0, StartBugReporterOnCrash: 0, Is64bit: 1, IsPro: 1
Date: 2025-12-02T18:59:27Z

COMMAND LINE ARGUMENTS:
C:\Program Files\Unity\Hub\Editor\6000.1.11f1\Editor\Unity.exe
-adb2
-batchMode
-noUpm
-name
AssetImportWorker1
-projectPath
C:/Users/Alumno/Documents/GitHub/Walking-simulator/LaMaldicionDelBoqueron
-logFile
Logs/AssetImportWorker1.log
-srvPort
63784
-job-worker-count
15
-background-job-worker-count
8
-gc-helper-count
1
-name
AssetImport
Successfully changed project path to: C:/Users/Alumno/Documents/GitHub/Walking-simulator/LaMaldicionDelBoqueron
C:/Users/Alumno/Documents/GitHub/Walking-simulator/LaMaldicionDelBoqueron
[UnityMemory] Configuration Parameters - Can be set up in boot.config
    "memorysetup-allocator-temp-initial-block-size-main=262144"
    "memorysetup-allocator-temp-initial-block-size-worker=262144"
    "memorysetup-bucket-allocator-granularity=16"
    "memorysetup-bucket-allocator-bucket-count=8"
    "memorysetup-bucket-allocator-block-size=33554432"
    "memorysetup-bucket-allocator-block-count=8"
    "memorysetup-main-allocator-block-size=16777216"
    "memorysetup-thread-allocator-block-size=16777216"
    "memorysetup-gfx-main-allocator-block-size=16777216"
    "memorysetup-gfx-thread-allocator-block-size=16777216"
    "memorysetup-cache-allocator-block-size=4194304"
    "memorysetup-typetree-allocator-block-size=2097152"
    "memorysetup-profiler-bucket-allocator-granularity=16"
    "memorysetup-profiler-bucket-allocator-bucket-count=8"
    "memorysetup-profiler-bucket-allocator-block-size=33554432"
    "memorysetup-profiler-bucket-allocator-block-count=8"
    "memorysetup-profiler-allocator-block-size=16777216"
    "memorysetup-profiler-editor-allocator-block-size=1048576"
    "memorysetup-temp-allocator-size-main=16777216"
    "memorysetup-job-temp-allocator-block-size=2097152"
    "memorysetup-job-temp-allocator-block-size-background=1048576"
    "memorysetup-job-temp-allocator-reduction-small-platforms=262144"
    "memorysetup-temp-allocator-size-background-worker=32768"
    "memorysetup-temp-allocator-size-job-worker=262144"
    "memorysetup-temp-allocator-size-preload-manager=33554432"
    "memorysetup-temp-allocator-size-nav-mesh-worker=65536"
    "memorysetup-temp-allocator-size-audio-worker=65536"
    "memorysetup-temp-allocator-size-cloud-worker=32768"
    "memorysetup-temp-allocator-size-gi-baking-worker=262144"
    "memorysetup-temp-allocator-size-gi-baking-worker=262144"
    "memorysetup-temp-allocator-size-gi-baking-worker=262144"
    "memorysetup-temp-allocator-size-gi-baking-worker=262144"
    "memorysetup-temp-allocator-size-gi-baking-worker=262144"
    "memorysetup-temp-allocator-size-gfx=262144"
Player connection [27104]  Target information:

Player connection [27104]  * "[IP] 10.20.2.60 [Port] 0 [Flags] 2 [Guid] 2376744060 [EditorId] 2376744060 [Version] 1048832 [Id] WindowsEditor(7,A97-MIYAMOTO-22) [Debug] 1 [PackageName] WindowsEditor [ProjectName] Editor" 

Player connection [27104]  * "[IP] 192.168.56.1 [Port] 0 [Flags] 2 [Guid] 2376744060 [EditorId] 2376744060 [Version] 1048832 [Id] WindowsEditor(7,A97-MIYAMOTO-22) [Debug] 1 [PackageName] WindowsEditor [ProjectName] Editor" 

Player connection [27104] Host joined multi-casting on [225.0.0.222:54997]...
Player connection [27104] Host joined alternative multi-casting on [225.0.0.222:34997]...
JobSystem: Creating JobQueue using job-worker-count value 15
Input System module state changed to: Initialized.
[Physics::Module] Initialized fallback backend.
[Physics::Module] Id: 0xdecafbad
Library Redirect Path: Library/
[Physics::Module] Selected backend.
[Physics::Module] Name: PhysX
[Physics::Module] Id: 0xf2b8ea05
[Physics::Module] SDK Version: 4.1.2
[Physics::Module] Integration Version: 1.0.0
[Physics::Module] Threading Mode: Multi-Threaded
Refreshing native plugins compatible for Editor in 1.58 ms, found 3 plugins.
Preloading 0 native plugins for Editor in 0.00 ms.
Initialize engine version: 6000.1.11f1 (9b156bbbd4df)
[Subsystems] Discovering subsystems at path C:/Program Files/Unity/Hub/Editor/6000.1.11f1/Editor/Data/Resources/UnitySubsystems
[Subsystems] Discovering subsystems at path C:/Users/Alumno/Documents/GitHub/Walking-simulator/LaMaldicionDelBoqueron/Assets
GfxDevice: creating device client; kGfxThreadingModeNonThreaded
Direct3D:
    Version:         Direct3D 12 [level 12.1]
    Renderer:        NVIDIA GeForce RTX 5070 (ID=0x2f04)
    Vendor:          NVIDIA
    VRAM:            11855 MB
    App VRAM Budget: 11087 MB
    Driver:          32.0.15.8088
Initialize mono
Mono path[0] = 'C:/Program Files/Unity/Hub/Editor/6000.1.11f1/Editor/Data/Managed'
Mono path[1] = 'C:/Program Files/Unity/Hub/Editor/6000.1.11f1/Editor/Data/MonoBleedingEdge/lib/mono/unityjit-win32'
Mono config path = 'C:/Program Files/Unity/Hub/Editor/6000.1.11f1/Editor/Data/MonoBleedingEdge/etc'
Using monoOptions --debugger-agent=transport=dt_socket,embedding=1,server=y,suspend=n,address=127.0.0.1:56288
Begin MonoManager ReloadAssembly
Registering precompiled unity dll's ...
Register platform support module: C:/Program Files/Unity/Hub/Editor/6000.1.11f1/Editor/Data/PlaybackEngines/WindowsStandaloneSupport/UnityEditor.WindowsStandalone.Extensions.dll
Register platform support module: C:/Program Files/Unity/Hub/Editor/6000.1.11f1/Editor/Data/PlaybackEngines/MetroSupport/UnityEditor.UWP.Extensions.dll
Register platform support module: C:/Program Files/Unity/Hub/Editor/6000.1.11f1/Editor/Data/PlaybackEngines/AndroidPlayer/UnityEditor.Android.Extensions.dll
Registered in 0.001315 seconds.
- Loaded All Assemblies, in  0.256 seconds
Native extension for Android target not found
Android Extension - Scanning For ADB Devices 1674 ms
Native extension for UWP target not found
Native extension for WindowsStandalone target not found
Mono: successfully reloaded assembly
- Finished resetting the current domain, in  1.935 seconds
Domain Reload Profiling: 2190ms
	BeginReloadAssembly (85ms)
		ExecutionOrderSort (0ms)
		DisableScriptedObjects (0ms)
		BackupInstance (0ms)
		ReleaseScriptingObjects (0ms)
		CreateAndSetChildDomain (1ms)
	RebuildCommonClasses (22ms)
	RebuildNativeTypeToScriptingClass (7ms)
	initialDomainReloadingComplete (31ms)
	LoadAllAssembliesAndSetupDomain (110ms)
		LoadAssemblies (84ms)
		RebuildTransferFunctionScriptingTraits (0ms)
		AnalyzeDomain (107ms)
			TypeCache.Refresh (106ms)
				TypeCache.ScanAssembly (97ms)
			BuildScriptInfoCaches (0ms)
			ResolveRequiredComponents (0ms)
	FinalizeReload (1935ms)
		ReleaseScriptCaches (0ms)
		RebuildScriptCaches (0ms)
		SetupLoadedEditorAssemblies (1905ms)
			LogAssemblyErrors (0ms)
			InitializePlatformSupportModulesInManaged (1751ms)
			SetLoadedEditorAssemblies (3ms)
			BeforeProcessingInitializeOnLoad (35ms)
			ProcessInitializeOnLoadAttributes (76ms)
			ProcessInitializeOnLoadMethodAttributes (39ms)
			AfterProcessingInitializeOnLoad (0ms)
			EditorAssembliesLoaded (0ms)
		ExecutionOrderSort2 (0ms)
		AwakeInstancesAfterBackupRestoration (0ms)
========================================================================
Worker process is ready to serve import requests
Import Worker Mode flag is 0x00
Begin MonoManager ReloadAssembly
- Loaded All Assemblies, in  0.496 seconds
Refreshing native plugins compatible for Editor in 0.47 ms, found 3 plugins.
Native extension for Android target not found
Native extension for UWP target not found
Native extension for WindowsStandalone target not found
Mono: successfully reloaded assembly
- Finished resetting the current domain, in  0.448 seconds
Domain Reload Profiling: 943ms
	BeginReloadAssembly (116ms)
		ExecutionOrderSort (0ms)
		DisableScriptedObjects (4ms)
		BackupInstance (0ms)
		ReleaseScriptingObjects (0ms)
		CreateAndSetChildDomain (21ms)
	RebuildCommonClasses (24ms)
	RebuildNativeTypeToScriptingClass (8ms)
	initialDomainReloadingComplete (24ms)
	LoadAllAssembliesAndSetupDomain (323ms)
		LoadAssemblies (228ms)
		RebuildTransferFunctionScriptingTraits (0ms)
		AnalyzeDomain (161ms)
			TypeCache.Refresh (120ms)
				TypeCache.ScanAssembly (108ms)
			BuildScriptInfoCaches (33ms)
			ResolveRequiredComponents (7ms)
	FinalizeReload (449ms)
		ReleaseScriptCaches (0ms)
		RebuildScriptCaches (0ms)
		SetupLoadedEditorAssemblies (325ms)
			LogAssemblyErrors (0ms)
			InitializePlatformSupportModulesInManaged (7ms)
			SetLoadedEditorAssemblies (2ms)
			BeforeProcessingInitializeOnLoad (69ms)
			ProcessInitializeOnLoadAttributes (217ms)
			ProcessInitializeOnLoadMethodAttributes (27ms)
			AfterProcessingInitializeOnLoad (2ms)
			EditorAssembliesLoaded (0ms)
		ExecutionOrderSort2 (0ms)
		AwakeInstancesAfterBackupRestoration (3ms)
Launched and connected shader compiler UnityShaderCompiler.exe after 0.01 seconds
Refreshing native plugins compatible for Editor in 0.50 ms, found 3 plugins.
Preloading 0 native plugins for Editor in 0.00 ms.
Unloading 204 Unused Serialized files (Serialized files now loaded: 0)
Unloading 6094 unused Assets / (4.0 MB). Loaded Objects now: 6799.
Memory consumption went from 165.0 MB to 161.1 MB.
Total: 5.629000 ms (FindLiveObjects: 0.661100 ms CreateObjectMapping: 0.681000 ms MarkObjects: 2.997700 ms  DeleteObjects: 1.288500 ms)

========================================================================
Received Import Request.
  Time since last request: 13804.780486 seconds.
  path: Assets/Old Sea Port/Materials/Bark_Grey_Shiny.mat
  artifactKey: Guid(76b27126339d3d041b24024587f42d55) Importer(815301076,1909f56bfc062723c751e8b465ee728b)
Start importing Assets/Old Sea Port/Materials/Bark_Grey_Shiny.mat using Guid(76b27126339d3d041b24024587f42d55) Importer(815301076,1909f56bfc062723c751e8b465ee728b) (PreviewImporter) -> (artifact id: 'df4c76130aefb7f9c505400465f77598') in 0.3868946 seconds
Number of updated asset objects reloaded before import = 0Number of asset objects unloaded after import = 4

========================================================================
Received Import Request.
  Time since last request: 0.000030 seconds.
  path: Assets/Old Sea Port/Materials/Log_End_Shiny.mat
  artifactKey: Guid(257e47870a41c144f895fd29184b1517) Importer(815301076,1909f56bfc062723c751e8b465ee728b)
Start importing Assets/Old Sea Port/Materials/Log_End_Shiny.mat using Guid(257e47870a41c144f895fd29184b1517) Importer(815301076,1909f56bfc062723c751e8b465ee728b) (PreviewImporter) -> (artifact id: '6a616785d00ddf658318a32d59fd6151') in 0.0373563 seconds
Number of updated asset objects reloaded before import = 0Number of asset objects unloaded after import = 5

========================================================================
Received Import Request.
  Time since last request: 0.000031 seconds.
  path: Assets/Old Sea Port/Materials/Cobblestone_Shiny.mat
  artifactKey: Guid(b5ccf7076bf73e541a3e23897a2a3092) Importer(815301076,1909f56bfc062723c751e8b465ee728b)
Start importing Assets/Old Sea Port/Materials/Cobblestone_Shiny.mat using Guid(b5ccf7076bf73e541a3e23897a2a3092) Importer(815301076,1909f56bfc062723c751e8b465ee728b) (PreviewImporter) -> (artifact id: 'dcdf7579317b5779a70f1ef620fc47ce') in 0.0276227 seconds
Number of updated asset objects reloaded before import = 0Number of asset objects unloaded after import = 4

========================================================================
Received Import Request.
  Time since last request: 0.000023 seconds.
  path: Assets/Old Sea Port/Materials/Bottle.mat
  artifactKey: Guid(969ccceacfff9674590c23e0a52fb5ba) Importer(815301076,1909f56bfc062723c751e8b465ee728b)
Start importing Assets/Old Sea Port/Materials/Bottle.mat using Guid(969ccceacfff9674590c23e0a52fb5ba) Importer(815301076,1909f56bfc062723c751e8b465ee728b) (PreviewImporter) -> (artifact id: '2cce6c08dce272b249357ffed8c2cf11') in 0.013094 seconds
Number of updated asset objects reloaded before import = 0Number of asset objects unloaded after import = 2

========================================================================
Received Import Request.
  Time since last request: 0.000028 seconds.
  path: Assets/Old Sea Port/Materials/maple_leaves.mat
  artifactKey: Guid(c0fa5e353eba45741a90fe6de147e112) Importer(815301076,1909f56bfc062723c751e8b465ee728b)
Start importing Assets/Old Sea Port/Materials/maple_leaves.mat using Guid(c0fa5e353eba45741a90fe6de147e112) Importer(815301076,1909f56bfc062723c751e8b465ee728b) (PreviewImporter) -> (artifact id: 'e32351fd6238fb5298b033743aacf5b0') in 0.0164201 seconds
Number of updated asset objects reloaded before import = 0Number of asset objects unloaded after import = 3

========================================================================
Received Import Request.
  Time since last request: 0.000024 seconds.
  path: Assets/Old Sea Port/Materials/Rooftiles.mat
  artifactKey: Guid(0f142ca19d247964dbdb02184863dac4) Importer(815301076,1909f56bfc062723c751e8b465ee728b)
Start importing Assets/Old Sea Port/Materials/Rooftiles.mat using Guid(0f142ca19d247964dbdb02184863dac4) Importer(815301076,1909f56bfc062723c751e8b465ee728b) (PreviewImporter) -> (artifact id: 'd1d73a51db86fe1f674d7602bb852edd') in 0.0128056 seconds
Number of updated asset objects reloaded before import = 0Number of asset objects unloaded after import = 3

========================================================================
Received Import Request.
  Time since last request: 0.000037 seconds.
  path: Assets/Old Sea Port/Materials/Brick Wall_1.mat
  artifactKey: Guid(3ae387f88eaec6e408d8bd441dd9e934) Importer(815301076,1909f56bfc062723c751e8b465ee728b)
Start importing Assets/Old Sea Port/Materials/Brick Wall_1.mat using Guid(3ae387f88eaec6e408d8bd441dd9e934) Importer(815301076,1909f56bfc062723c751e8b465ee728b) (PreviewImporter) -> (artifact id: '2261e7109cf89fc4e32ae457540182cd') in 0.0389053 seconds
Number of updated asset objects reloaded before import = 0Number of asset objects unloaded after import = 5

========================================================================
Received Import Request.
  Time since last request: 0.000027 seconds.
  path: Assets/Old Sea Port/Materials/Brick Wall_2.mat
  artifactKey: Guid(3a2d8369995a465499c90c94fb8b6c4e) Importer(815301076,1909f56bfc062723c751e8b465ee728b)
Start importing Assets/Old Sea Port/Materials/Brick Wall_2.mat using Guid(3a2d8369995a465499c90c94fb8b6c4e) Importer(815301076,1909f56bfc062723c751e8b465ee728b) (PreviewImporter) -> (artifact id: '87985bfd752fec5b75a05070c9a9f68f') in 0.0267232 seconds
Number of updated asset objects reloaded before import = 0Number of asset objects unloaded after import = 5

========================================================================
Received Import Request.
  Time since last request: 0.000038 seconds.
  path: Assets/Old Sea Port/Materials/rope.mat
  artifactKey: Guid(247fd6fe4b10e444fae354baca12fe76) Importer(815301076,1909f56bfc062723c751e8b465ee728b)
Start importing Assets/Old Sea Port/Materials/rope.mat using Guid(247fd6fe4b10e444fae354baca12fe76) Importer(815301076,1909f56bfc062723c751e8b465ee728b) (PreviewImporter) -> (artifact id: 'd5414e9d2f0d4e4bac0e7b3800314954') in 0.0102594 seconds
Number of updated asset objects reloaded before import = 0Number of asset objects unloaded after import = 3

========================================================================
Received Import Request.
  Time since last request: 0.000125 seconds.
  path: Assets/Old Sea Port/Materials/Brick Wall_2_Shiny.mat
  artifactKey: Guid(5b8e306b8f1292a45b62cbb48b6d1467) Importer(815301076,1909f56bfc062723c751e8b465ee728b)
Start importing Assets/Old Sea Port/Materials/Brick Wall_2_Shiny.mat using Guid(5b8e306b8f1292a45b62cbb48b6d1467) Importer(815301076,1909f56bfc062723c751e8b465ee728b) (PreviewImporter) -> (artifact id: '2a752862fd5f680b3690b489718da201') in 0.0133928 seconds
Number of updated asset objects reloaded before import = 0Number of asset objects unloaded after import = 5

========================================================================
Received Import Request.
  Time since last request: 0.000036 seconds.
  path: Assets/Old Sea Port/Materials/Barrel.mat
  artifactKey: Guid(4eeca5cdb9320684b91638f1ef652987) Importer(815301076,1909f56bfc062723c751e8b465ee728b)
Start importing Assets/Old Sea Port/Materials/Barrel.mat using Guid(4eeca5cdb9320684b91638f1ef652987) Importer(815301076,1909f56bfc062723c751e8b465ee728b) (PreviewImporter) -> (artifact id: '29929b3ce0b1fe0c2c61fe6f48ef4bbd') in 0.0261053 seconds
Number of updated asset objects reloaded before import = 0Number of asset objects unloaded after import = 4

========================================================================
Received Import Request.
  Time since last request: 0.000022 seconds.
  path: Assets/Old Sea Port/Materials/Dirt.mat
  artifactKey: Guid(176ea36f9daf67c4cb27762e64b713bd) Importer(815301076,1909f56bfc062723c751e8b465ee728b)
Start importing Assets/Old Sea Port/Materials/Dirt.mat using Guid(176ea36f9daf67c4cb27762e64b713bd) Importer(815301076,1909f56bfc062723c751e8b465ee728b) (PreviewImporter) -> (artifact id: 'b872625f96833539bdbd47cfa396da89') in 0.0078059 seconds
Number of updated asset objects reloaded before import = 0Number of asset objects unloaded after import = 3

========================================================================
Received Import Request.
  Time since last request: 7.846942 seconds.
  path: Assets/Old Sea Port/textures/Bark_Grey_Metallic.png
  artifactKey: Guid(ea1e2578b9b1cc2498accc121b043e0f) Importer(815301076,1909f56bfc062723c751e8b465ee728b)
Start importing Assets/Old Sea Port/textures/Bark_Grey_Metallic.png using Guid(ea1e2578b9b1cc2498accc121b043e0f) Importer(815301076,1909f56bfc062723c751e8b465ee728b) (PreviewImporter) -> (artifact id: '3bc6932b3224beb04592c408b77852b4') in 0.0270646 seconds
Number of updated asset objects reloaded before import = 0Number of asset objects unloaded after import = 2

========================================================================
Received Import Request.
  Time since last request: 0.000040 seconds.
  path: Assets/Old Sea Port/textures/Brick_Wall_Metallic.png
  artifactKey: Guid(2c3cac3e2fe53f34089d2fe02fdfde58) Importer(815301076,1909f56bfc062723c751e8b465ee728b)
Start importing Assets/Old Sea Port/textures/Brick_Wall_Metallic.png using Guid(2c3cac3e2fe53f34089d2fe02fdfde58) Importer(815301076,1909f56bfc062723c751e8b465ee728b) (PreviewImporter) -> (artifact id: '60d441680e74b68095aeda166d4ec57c') in 0.0182373 seconds
Number of updated asset objects reloaded before import = 0Number of asset objects unloaded after import = 2

========================================================================
Received Import Request.
  Time since last request: 0.000046 seconds.
  path: Assets/Old Sea Port/textures/Rooftiles.png
  artifactKey: Guid(df3dcc1fbf4ce1d4aa1361159004567b) Importer(815301076,1909f56bfc062723c751e8b465ee728b)
Start importing Assets/Old Sea Port/textures/Rooftiles.png using Guid(df3dcc1fbf4ce1d4aa1361159004567b) Importer(815301076,1909f56bfc062723c751e8b465ee728b) (PreviewImporter) -> (artifact id: '1ed92a6ec8c36d659355efc3a1590cdb') in 0.0125398 seconds
Number of updated asset objects reloaded before import = 0Number of asset objects unloaded after import = 2

========================================================================
Received Import Request.
  Time since last request: 0.000026 seconds.
  path: Assets/Old Sea Port/textures/Cobblestone_Metallic.png
  artifactKey: Guid(e1af42f80bed5a545b83e936c0de886d) Importer(815301076,1909f56bfc062723c751e8b465ee728b)
Start importing Assets/Old Sea Port/textures/Cobblestone_Metallic.png using Guid(e1af42f80bed5a545b83e936c0de886d) Importer(815301076,1909f56bfc062723c751e8b465ee728b) (PreviewImporter) -> (artifact id: '3ee9dc6df6cc69b85fbb8a7acc7a51d7') in 0.0164013 seconds
Number of updated asset objects reloaded before import = 0Number of asset objects unloaded after import = 2

========================================================================
Received Import Request.
  Time since last request: 0.000031 seconds.
  path: Assets/Old Sea Port/textures/Brick_wall_normal.png
  artifactKey: Guid(aba0372edfc437b4e8a9003ecf26ca4f) Importer(815301076,1909f56bfc062723c751e8b465ee728b)
Start importing Assets/Old Sea Port/textures/Brick_wall_normal.png using Guid(aba0372edfc437b4e8a9003ecf26ca4f) Importer(815301076,1909f56bfc062723c751e8b465ee728b) (PreviewImporter) -> (artifact id: '94dd382253be16896fc9c3fbe0c3f5dd') in 0.0513411 seconds
Number of updated asset objects reloaded before import = 0Number of asset objects unloaded after import = 2

========================================================================
Received Import Request.
  Time since last request: 0.000028 seconds.
  path: Assets/Old Sea Port/textures/Brick_wall_1.png
  artifactKey: Guid(d5b0c3d98c949f64aacf75b764a72b9b) Importer(815301076,1909f56bfc062723c751e8b465ee728b)
Start importing Assets/Old Sea Port/textures/Brick_wall_1.png using Guid(d5b0c3d98c949f64aacf75b764a72b9b) Importer(815301076,1909f56bfc062723c751e8b465ee728b) (PreviewImporter) -> (artifact id: '8c21a1336e9df238751bcbd7be51796e') in 0.0158847 seconds
Number of updated asset objects reloaded before import = 0Number of asset objects unloaded after import = 2

========================================================================
Received Import Request.
  Time since last request: 6.687852 seconds.
  path: Assets/Old Sea Port/prefabs/bottle.prefab
  artifactKey: Guid(67833d6ba7c887d48933b3682ee1df40) Importer(815301076,1909f56bfc062723c751e8b465ee728b)
Start importing Assets/Old Sea Port/prefabs/bottle.prefab using Guid(67833d6ba7c887d48933b3682ee1df40) Importer(815301076,1909f56bfc062723c751e8b465ee728b) (PreviewImporter) -> (artifact id: '3f7292d6bb74dbeb2bff047b80eac0b4') in 0.0346015 seconds
Number of updated asset objects reloaded before import = 0Number of asset objects unloaded after import = 10

========================================================================
Received Import Request.
  Time since last request: 0.000026 seconds.
  path: Assets/Old Sea Port/prefabs/mooring_rope_holder_3.prefab
  artifactKey: Guid(b962e54cbd3b92c438734c5811b1ee30) Importer(815301076,1909f56bfc062723c751e8b465ee728b)
Start importing Assets/Old Sea Port/prefabs/mooring_rope_holder_3.prefab using Guid(b962e54cbd3b92c438734c5811b1ee30) Importer(815301076,1909f56bfc062723c751e8b465ee728b) (PreviewImporter) -> (artifact id: '0b17e43a363e58e5975267b74528a3ee') in 0.019685 seconds
Number of updated asset objects reloaded before import = 0Number of asset objects unloaded after import = 12

========================================================================
Received Import Request.
  Time since last request: 0.000025 seconds.
  path: Assets/Old Sea Port/prefabs/lamp_1.prefab
  artifactKey: Guid(2b120c828398db5439578c6f50bef162) Importer(815301076,1909f56bfc062723c751e8b465ee728b)
Start importing Assets/Old Sea Port/prefabs/lamp_1.prefab using Guid(2b120c828398db5439578c6f50bef162) Importer(815301076,1909f56bfc062723c751e8b465ee728b) (PreviewImporter) -> (artifact id: '392cf295836a5a9cb4179fa648a704a7') in 0.0224865 seconds
Number of updated asset objects reloaded before import = 0Number of asset objects unloaded after import = 21

========================================================================
Received Import Request.
  Time since last request: 0.000085 seconds.
  path: Assets/Old Sea Port/prefabs/workbench.prefab
  artifactKey: Guid(83d4bbd130e2b724fb288ed061442dfa) Importer(815301076,1909f56bfc062723c751e8b465ee728b)
Start importing Assets/Old Sea Port/prefabs/workbench.prefab using Guid(83d4bbd130e2b724fb288ed061442dfa) Importer(815301076,1909f56bfc062723c751e8b465ee728b) (PreviewImporter) -> (artifact id: 'aab7ca7a86795e0b4568e1ab9eb24358') in 0.0326297 seconds
Number of updated asset objects reloaded before import = 0Number of asset objects unloaded after import = 12

========================================================================
Received Import Request.
  Time since last request: 0.000043 seconds.
  path: Assets/Old Sea Port/prefabs/building_segment_3.prefab
  artifactKey: Guid(dee3db12ee2f57c41af34c16d2fde197) Importer(815301076,1909f56bfc062723c751e8b465ee728b)
Start importing Assets/Old Sea Port/prefabs/building_segment_3.prefab using Guid(dee3db12ee2f57c41af34c16d2fde197) Importer(815301076,1909f56bfc062723c751e8b465ee728b) (PreviewImporter) -> (artifact id: '82b3ef50d97d5bbf215b8d58ca5e1fbb') in 0.0293057 seconds
Number of updated asset objects reloaded before import = 0Number of asset objects unloaded after import = 13

========================================================================
Received Import Request.
  Time since last request: 0.000029 seconds.
  path: Assets/Old Sea Port/prefabs/Rain.prefab
  artifactKey: Guid(fed5f9582b6829c43a0d1459a97de74d) Importer(815301076,1909f56bfc062723c751e8b465ee728b)
Start importing Assets/Old Sea Port/prefabs/Rain.prefab using Guid(fed5f9582b6829c43a0d1459a97de74d) Importer(815301076,1909f56bfc062723c751e8b465ee728b) (PreviewImporter) -> (artifact id: '6a518c1082ee7bb71327f82ed2c2ee56') in 0.0164952 seconds
Number of updated asset objects reloaded before import = 0Number of asset objects unloaded after import = 10

========================================================================
Received Import Request.
  Time since last request: 0.000023 seconds.
  path: Assets/Old Sea Port/prefabs/building_segment_2.prefab
  artifactKey: Guid(e2815925c4988c3438817c46d19d1b3f) Importer(815301076,1909f56bfc062723c751e8b465ee728b)
Start importing Assets/Old Sea Port/prefabs/building_segment_2.prefab using Guid(e2815925c4988c3438817c46d19d1b3f) Importer(815301076,1909f56bfc062723c751e8b465ee728b) (PreviewImporter) -> (artifact id: '7fb2949ab6a077877c83dc6a2a9f0db1') in 0.0253666 seconds
Number of updated asset objects reloaded before import = 0Number of asset objects unloaded after import = 13

========================================================================
Received Import Request.
  Time since last request: 0.000021 seconds.
  path: Assets/Old Sea Port/prefabs/Wood Canopy.prefab
  artifactKey: Guid(e1f2b1eef74191d45a6f5a76a5d45556) Importer(815301076,1909f56bfc062723c751e8b465ee728b)
Start importing Assets/Old Sea Port/prefabs/Wood Canopy.prefab using Guid(e1f2b1eef74191d45a6f5a76a5d45556) Importer(815301076,1909f56bfc062723c751e8b465ee728b) (PreviewImporter) -> (artifact id: '3c6139fb9e313e32d2baa2fdb52cdb36') in 0.0232847 seconds
Number of updated asset objects reloaded before import = 0Number of asset objects unloaded after import = 24

========================================================================
Received Import Request.
  Time since last request: 0.000051 seconds.
  path: Assets/Old Sea Port/prefabs/fireplace.prefab
  artifactKey: Guid(1bf9bc82a9760b2488a711e79d36551e) Importer(815301076,1909f56bfc062723c751e8b465ee728b)
Start importing Assets/Old Sea Port/prefabs/fireplace.prefab using Guid(1bf9bc82a9760b2488a711e79d36551e) Importer(815301076,1909f56bfc062723c751e8b465ee728b) (PreviewImporter) -> (artifact id: '66177ac9455566ff7cfaecfebd59225f') in 0.0294053 seconds
Number of updated asset objects reloaded before import = 0Number of asset objects unloaded after import = 12

========================================================================
Received Import Request.
  Time since last request: 0.000073 seconds.
  path: Assets/Old Sea Port/prefabs/rope_3.prefab
  artifactKey: Guid(72281b9d1ce3f3e4da8ab92b2d502470) Importer(815301076,1909f56bfc062723c751e8b465ee728b)
Start importing Assets/Old Sea Port/prefabs/rope_3.prefab using Guid(72281b9d1ce3f3e4da8ab92b2d502470) Importer(815301076,1909f56bfc062723c751e8b465ee728b) (PreviewImporter) -> (artifact id: 'ffc4b6b44029239cf1eb4db38326bc35') in 0.0212421 seconds
Number of updated asset objects reloaded before import = 0Number of asset objects unloaded after import = 11

========================================================================
Received Import Request.
  Time since last request: 0.000031 seconds.
  path: Assets/Old Sea Port/prefabs/tower_extension.prefab
  artifactKey: Guid(6ced61b88da889a4db169a27d5f9f634) Importer(815301076,1909f56bfc062723c751e8b465ee728b)
Start importing Assets/Old Sea Port/prefabs/tower_extension.prefab using Guid(6ced61b88da889a4db169a27d5f9f634) Importer(815301076,1909f56bfc062723c751e8b465ee728b) (PreviewImporter) -> (artifact id: '6ac11250c19508ae9a7b98d3aef85af0') in 0.0293426 seconds
Number of updated asset objects reloaded before import = 0Number of asset objects unloaded after import = 13

========================================================================
Received Import Request.
  Time since last request: 25.611716 seconds.
  path: Assets/Old Sea Port/mesh/bottle.fbx
  artifactKey: Guid(d2e718e3487d65f4e982de3713b184a6) Importer(815301076,1909f56bfc062723c751e8b465ee728b)
Start importing Assets/Old Sea Port/mesh/bottle.fbx using Guid(d2e718e3487d65f4e982de3713b184a6) Importer(815301076,1909f56bfc062723c751e8b465ee728b) (PreviewImporter) -> (artifact id: '75fe8bd53413104e8a259606c98b286e') in 4.8160981 seconds
Number of updated asset objects reloaded before import = 0Number of asset objects unloaded after import = 7

========================================================================
Received Import Request.
  Time since last request: 0.000042 seconds.
  path: Assets/Old Sea Port/mesh/chair.fbx
  artifactKey: Guid(42b0d009ef33b5b488d26678ec1faa22) Importer(815301076,1909f56bfc062723c751e8b465ee728b)
Start importing Assets/Old Sea Port/mesh/chair.fbx using Guid(42b0d009ef33b5b488d26678ec1faa22) Importer(815301076,1909f56bfc062723c751e8b465ee728b) (PreviewImporter) -> (artifact id: 'fe5cc9b7e4d3b7578eba4dbdef0a7276') in 0.0308893 seconds
Number of updated asset objects reloaded before import = 0Number of asset objects unloaded after import = 7

========================================================================
Received Import Request.
  Time since last request: 0.000033 seconds.
  path: Assets/Old Sea Port/mesh/building_segment_6.fbx
  artifactKey: Guid(ceaf37662ffe76840a151e0bc5b366ab) Importer(815301076,1909f56bfc062723c751e8b465ee728b)
Start importing Assets/Old Sea Port/mesh/building_segment_6.fbx using Guid(ceaf37662ffe76840a151e0bc5b366ab) Importer(815301076,1909f56bfc062723c751e8b465ee728b) (PreviewImporter) -> (artifact id: '44619b4000240296ead2ddd8108a76b2') in 0.0247895 seconds
Number of updated asset objects reloaded before import = 0Number of asset objects unloaded after import = 8

========================================================================
Received Import Request.
  Time since last request: 0.000051 seconds.
  path: Assets/Old Sea Port/mesh/crate_2.fbx
  artifactKey: Guid(734611d8ae4d957478c45d109af042a7) Importer(815301076,1909f56bfc062723c751e8b465ee728b)
Start importing Assets/Old Sea Port/mesh/crate_2.fbx using Guid(734611d8ae4d957478c45d109af042a7) Importer(815301076,1909f56bfc062723c751e8b465ee728b) (PreviewImporter) -> (artifact id: '23f2dad509bfe55d51e37116f1e31ce6') in 0.0291424 seconds
Number of updated asset objects reloaded before import = 0Number of asset objects unloaded after import = 7

========================================================================
Received Import Request.
  Time since last request: 0.000041 seconds.
  path: Assets/Old Sea Port/mesh/crate_1.fbx
  artifactKey: Guid(5be8634ccfcc74841a2130c8f8a656af) Importer(815301076,1909f56bfc062723c751e8b465ee728b)
Start importing Assets/Old Sea Port/mesh/crate_1.fbx using Guid(5be8634ccfcc74841a2130c8f8a656af) Importer(815301076,1909f56bfc062723c751e8b465ee728b) (PreviewImporter) -> (artifact id: '72235655f6bd13e28778206067518b61') in 0.0300306 seconds
Number of updated asset objects reloaded before import = 0Number of asset objects unloaded after import = 10

========================================================================
Received Import Request.
  Time since last request: 0.000038 seconds.
  path: Assets/Old Sea Port/mesh/rope_3.fbx
  artifactKey: Guid(cb1f6f82cc530a74c940352d001d34d1) Importer(815301076,1909f56bfc062723c751e8b465ee728b)
Start importing Assets/Old Sea Port/mesh/rope_3.fbx using Guid(cb1f6f82cc530a74c940352d001d34d1) Importer(815301076,1909f56bfc062723c751e8b465ee728b) (PreviewImporter) -> (artifact id: '9d9d388a8d4d3828afc81e18fd560007') in 0.026995 seconds
Number of updated asset objects reloaded before import = 0Number of asset objects unloaded after import = 8

========================================================================
Received Import Request.
  Time since last request: 0.000046 seconds.
  path: Assets/Old Sea Port/mesh/mooring_rope_holder_2.fbx
  artifactKey: Guid(f74e57a5ad5640f4da5eb349ae178364) Importer(815301076,1909f56bfc062723c751e8b465ee728b)
Start importing Assets/Old Sea Port/mesh/mooring_rope_holder_2.fbx using Guid(f74e57a5ad5640f4da5eb349ae178364) Importer(815301076,1909f56bfc062723c751e8b465ee728b) (PreviewImporter) -> (artifact id: '1df9ee4f012b410df433c2ab0ff664e0') in 0.036737 seconds
Number of updated asset objects reloaded before import = 0Number of asset objects unloaded after import = 16

========================================================================
Received Import Request.
  Time since last request: 3.935381 seconds.
  path: Assets/Old Sea Port/mesh/Materials/Material.011.mat
  artifactKey: Guid(53935e2bcbb4c954e9cf0ce363de66ec) Importer(815301076,1909f56bfc062723c751e8b465ee728b)
Start importing Assets/Old Sea Port/mesh/Materials/Material.011.mat using Guid(53935e2bcbb4c954e9cf0ce363de66ec) Importer(815301076,1909f56bfc062723c751e8b465ee728b) (PreviewImporter) -> (artifact id: '0616dad2e4e20f7072d366481b187092') in 0.0535199 seconds
Number of updated asset objects reloaded before import = 0Number of asset objects unloaded after import = 1

========================================================================
Received Prepare
Refreshing native plugins compatible for Editor in 0.53 ms, found 3 plugins.
Preloading 0 native plugins for Editor in 0.00 ms.
Unloading 12 Unused Serialized files (Serialized files now loaded: 0)
Unloading 6078 unused Assets / (3.8 MB). Loaded Objects now: 6993.
Memory consumption went from 164.3 MB to 160.4 MB.
Total: 6.258200 ms (FindLiveObjects: 0.408400 ms CreateObjectMapping: 0.241300 ms MarkObjects: 4.296300 ms  DeleteObjects: 1.311100 ms)

Prepare: number of updated asset objects reloaded= 2
========================================================================
Received Prepare
Begin MonoManager ReloadAssembly
- Loaded All Assemblies, in  0.444 seconds
Refreshing native plugins compatible for Editor in 0.45 ms, found 3 plugins.
Native extension for Android target not found
Native extension for UWP target not found
Native extension for WindowsStandalone target not found
Mono: successfully reloaded assembly
- Finished resetting the current domain, in  0.444 seconds
Domain Reload Profiling: 889ms
	BeginReloadAssembly (148ms)
		ExecutionOrderSort (0ms)
		DisableScriptedObjects (13ms)
		BackupInstance (0ms)
		ReleaseScriptingObjects (0ms)
		CreateAndSetChildDomain (39ms)
	RebuildCommonClasses (21ms)
	RebuildNativeTypeToScriptingClass (7ms)
	initialDomainReloadingComplete (16ms)
	LoadAllAssembliesAndSetupDomain (253ms)
		LoadAssemblies (201ms)
		RebuildTransferFunctionScriptingTraits (0ms)
		AnalyzeDomain (108ms)
			TypeCache.Refresh (7ms)
				TypeCache.ScanAssembly (0ms)
			BuildScriptInfoCaches (92ms)
			ResolveRequiredComponents (6ms)
	FinalizeReload (444ms)
		ReleaseScriptCaches (0ms)
		RebuildScriptCaches (0ms)
		SetupLoadedEditorAssemblies (328ms)
			LogAssemblyErrors (0ms)
			InitializePlatformSupportModulesInManaged (8ms)
			SetLoadedEditorAssemblies (4ms)
			BeforeProcessingInitializeOnLoad (70ms)
			ProcessInitializeOnLoadAttributes (215ms)
			ProcessInitializeOnLoadMethodAttributes (29ms)
			AfterProcessingInitializeOnLoad (2ms)
			EditorAssembliesLoaded (0ms)
		ExecutionOrderSort2 (0ms)
		AwakeInstancesAfterBackupRestoration (9ms)
Refreshing native plugins compatible for Editor in 0.52 ms, found 3 plugins.
Preloading 0 native plugins for Editor in 0.00 ms.
Unloading 22 Unused Serialized files (Serialized files now loaded: 0)
Unloading 6083 unused Assets / (4.0 MB). Loaded Objects now: 6883.
Memory consumption went from 167.6 MB to 163.6 MB.
Total: 4.971300 ms (FindLiveObjects: 0.472800 ms CreateObjectMapping: 0.230400 ms MarkObjects: 2.983000 ms  DeleteObjects: 1.284500 ms)

Prepare: number of updated asset objects reloaded= 0
========================================================================
Received Import Request.
  Time since last request: 97.284180 seconds.
  path: Assets/Scenes
  artifactKey: Guid(9c53962885c2c4f449125a979d6ad240) Importer(815301076,1909f56bfc062723c751e8b465ee728b)
Start importing Assets/Scenes using Guid(9c53962885c2c4f449125a979d6ad240) Importer(815301076,1909f56bfc062723c751e8b465ee728b) (PreviewImporter) -> (artifact id: 'd65b75f456837a3494a5e6e744543932') in 0.0024218 seconds
Number of updated asset objects reloaded before import = 0Number of asset objects unloaded after import = 0

========================================================================
Received Import Request.
  Time since last request: 0.604272 seconds.
  path: Assets/Scenes/SampleScene.unity
  artifactKey: Guid(99c9720ab356a0642a771bea13969a05) Importer(815301076,1909f56bfc062723c751e8b465ee728b)
Start importing Assets/Scenes/SampleScene.unity using Guid(99c9720ab356a0642a771bea13969a05) Importer(815301076,1909f56bfc062723c751e8b465ee728b) (PreviewImporter) -> (artifact id: '092f7974db3fb175701bdf9959c1e23b') in 0.0004938 seconds
Number of updated asset objects reloaded before import = 0Number of asset objects unloaded after import = 0

========================================================================
Received Prepare
Begin MonoManager ReloadAssembly
- Loaded All Assemblies, in  0.457 seconds
Refreshing native plugins compatible for Editor in 0.50 ms, found 3 plugins.
Native extension for Android target not found
Native extension for UWP target not found
Native extension for WindowsStandalone target not found
Mono: successfully reloaded assembly
- Finished resetting the current domain, in  0.409 seconds
Domain Reload Profiling: 867ms
	BeginReloadAssembly (130ms)
		ExecutionOrderSort (0ms)
		DisableScriptedObjects (3ms)
		BackupInstance (0ms)
		ReleaseScriptingObjects (0ms)
		CreateAndSetChildDomain (31ms)
	RebuildCommonClasses (20ms)
	RebuildNativeTypeToScriptingClass (8ms)
	initialDomainReloadingComplete (16ms)
	LoadAllAssembliesAndSetupDomain (284ms)
		LoadAssemblies (224ms)
		RebuildTransferFunctionScriptingTraits (0ms)
		AnalyzeDomain (118ms)
			TypeCache.Refresh (7ms)
				TypeCache.ScanAssembly (0ms)
			BuildScriptInfoCaches (102ms)
			ResolveRequiredComponents (6ms)
	FinalizeReload (409ms)
		ReleaseScriptCaches (0ms)
		RebuildScriptCaches (0ms)
		SetupLoadedEditorAssemblies (316ms)
			LogAssemblyErrors (0ms)
			InitializePlatformSupportModulesInManaged (6ms)
			SetLoadedEditorAssemblies (2ms)
			BeforeProcessingInitializeOnLoad (65ms)
			ProcessInitializeOnLoadAttributes (212ms)
			ProcessInitializeOnLoadMethodAttributes (29ms)
			AfterProcessingInitializeOnLoad (2ms)
			EditorAssembliesLoaded (0ms)
		ExecutionOrderSort2 (0ms)
		AwakeInstancesAfterBackupRestoration (8ms)
Refreshing native plugins compatible for Editor in 0.53 ms, found 3 plugins.
Preloading 0 native plugins for Editor in 0.00 ms.
Unloading 14 Unused Serialized files (Serialized files now loaded: 0)
Unloading 6092 unused Assets / (4.8 MB). Loaded Objects now: 6893.
Memory consumption went from 164.8 MB to 160.0 MB.
Total: 5.742200 ms (FindLiveObjects: 0.490000 ms CreateObjectMapping: 0.260500 ms MarkObjects: 3.475500 ms  DeleteObjects: 1.515500 ms)

Prepare: number of updated asset objects reloaded= 0
========================================================================
Received Import Request.
  Time since last request: 24.691345 seconds.
  path: Assets/Old Sea Port/scenes
  artifactKey: Guid(f089578880e3cac4684a3bfbdf27164f) Importer(815301076,1909f56bfc062723c751e8b465ee728b)
Start importing Assets/Old Sea Port/scenes using Guid(f089578880e3cac4684a3bfbdf27164f) Importer(815301076,1909f56bfc062723c751e8b465ee728b) (PreviewImporter) -> (artifact id: '3a0e1d510a1a304d8113586acb7f7056') in 0.0011131 seconds
Number of updated asset objects reloaded before import = 0Number of asset objects unloaded after import = 0

========================================================================
Received Import Request.
  Time since last request: 1.750928 seconds.
  path: Assets/Old Sea Port/scenes/Dock Thing
  artifactKey: Guid(e441219f8ee70f04897efe1918fd5d70) Importer(815301076,1909f56bfc062723c751e8b465ee728b)
Start importing Assets/Old Sea Port/scenes/Dock Thing using Guid(e441219f8ee70f04897efe1918fd5d70) Importer(815301076,1909f56bfc062723c751e8b465ee728b) (PreviewImporter) -> (artifact id: '6bb75bfe3dbbbeb6cc9daa9e31f42c50') in 0.0004086 seconds
Number of updated asset objects reloaded before import = 0Number of asset objects unloaded after import = 0

========================================================================
Received Import Request.
  Time since last request: 0.034703 seconds.
  path: Assets/Old Sea Port/scenes/Dock Thing/LightingData.asset
  artifactKey: Guid(931ed40db9820e84fab169155396a755) Importer(815301076,1909f56bfc062723c751e8b465ee728b)
Start importing Assets/Old Sea Port/scenes/Dock Thing/LightingData.asset using Guid(931ed40db9820e84fab169155396a755) Importer(815301076,1909f56bfc062723c751e8b465ee728b) (PreviewImporter) -> (artifact id: 'f65e346968e74209ecf199f33638a236') in 0.0123051 seconds
Number of updated asset objects reloaded before import = 0Number of asset objects unloaded after import = 2

========================================================================
Received Import Request.
  Time since last request: 0.000012 seconds.
  path: Assets/Old Sea Port/scenes/Dock Thing/ReflectionProbe-5.exr
  artifactKey: Guid(cf08895db14a0754cae82edd728cdc40) Importer(815301076,1909f56bfc062723c751e8b465ee728b)
Start importing Assets/Old Sea Port/scenes/Dock Thing/ReflectionProbe-5.exr using Guid(cf08895db14a0754cae82edd728cdc40) Importer(815301076,1909f56bfc062723c751e8b465ee728b) (PreviewImporter) -> (artifact id: 'd59584eb21a1507a0fa14c95e678d26b') in 0.3481697 seconds
Number of updated asset objects reloaded before import = 0Number of asset objects unloaded after import = 1

========================================================================
Received Import Request.
  Time since last request: 0.000028 seconds.
  path: Assets/Old Sea Port/scenes/Dock Thing/ReflectionProbe-1.exr
  artifactKey: Guid(cfeb876c0ac00c547b66d782d243ae04) Importer(815301076,1909f56bfc062723c751e8b465ee728b)
Start importing Assets/Old Sea Port/scenes/Dock Thing/ReflectionProbe-1.exr using Guid(cfeb876c0ac00c547b66d782d243ae04) Importer(815301076,1909f56bfc062723c751e8b465ee728b) (PreviewImporter) -> (artifact id: '63e0620d77f51a0081fd0cc292a8c723') in 0.0214558 seconds
Number of updated asset objects reloaded before import = 0Number of asset objects unloaded after import = 1

========================================================================
Received Import Request.
  Time since last request: 0.000026 seconds.
  path: Assets/Old Sea Port/scenes/Dock Thing/ReflectionProbe-2.exr
  artifactKey: Guid(6bd65db63781f6d4c9925eb9daa84e9d) Importer(815301076,1909f56bfc062723c751e8b465ee728b)
Start importing Assets/Old Sea Port/scenes/Dock Thing/ReflectionProbe-2.exr using Guid(6bd65db63781f6d4c9925eb9daa84e9d) Importer(815301076,1909f56bfc062723c751e8b465ee728b) (PreviewImporter) -> (artifact id: '7e6169dc72e900ee9a0ce43f96d9dd29') in 0.0176954 seconds
Number of updated asset objects reloaded before import = 0Number of asset objects unloaded after import = 1

========================================================================
Received Import Request.
  Time since last request: 0.000023 seconds.
  path: Assets/Old Sea Port/scenes/Dock Thing/ReflectionProbe-8.exr
  artifactKey: Guid(325068744a08ae84fac41b54971b231d) Importer(815301076,1909f56bfc062723c751e8b465ee728b)
Start importing Assets/Old Sea Port/scenes/Dock Thing/ReflectionProbe-8.exr using Guid(325068744a08ae84fac41b54971b231d) Importer(815301076,1909f56bfc062723c751e8b465ee728b) (PreviewImporter) -> (artifact id: 'ff26b49437d065273026bb6333e4e529') in 0.0144007 seconds
Number of updated asset objects reloaded before import = 0Number of asset objects unloaded after import = 1

========================================================================
Received Import Request.
  Time since last request: 0.000021 seconds.
  path: Assets/Old Sea Port/scenes/Dock Thing/Lightmap-0_comp_light.exr
  artifactKey: Guid(80cde5ab4f5ad6f44a0379bb6efaff71) Importer(815301076,1909f56bfc062723c751e8b465ee728b)
Start importing Assets/Old Sea Port/scenes/Dock Thing/Lightmap-0_comp_light.exr using Guid(80cde5ab4f5ad6f44a0379bb6efaff71) Importer(815301076,1909f56bfc062723c751e8b465ee728b) (PreviewImporter) -> (artifact id: '8f7f4eb87d51bca2586551d4419958bb') in 0.0333149 seconds
Number of updated asset objects reloaded before import = 0Number of asset objects unloaded after import = 2

========================================================================
Received Prepare
Begin MonoManager ReloadAssembly
- Loaded All Assemblies, in  0.559 seconds
Refreshing native plugins compatible for Editor in 0.55 ms, found 3 plugins.
Native extension for Android target not found
Native extension for UWP target not found
Native extension for WindowsStandalone target not found
Mono: successfully reloaded assembly
- Finished resetting the current domain, in  0.528 seconds
Domain Reload Profiling: 1088ms
	BeginReloadAssembly (180ms)
		ExecutionOrderSort (0ms)
		DisableScriptedObjects (14ms)
		BackupInstance (0ms)
		ReleaseScriptingObjects (0ms)
		CreateAndSetChildDomain (64ms)
	RebuildCommonClasses (22ms)
	RebuildNativeTypeToScriptingClass (9ms)
	initialDomainReloadingComplete (18ms)
	LoadAllAssembliesAndSetupDomain (332ms)
		LoadAssemblies (262ms)
		RebuildTransferFunctionScriptingTraits (0ms)
		AnalyzeDomain (128ms)
			TypeCache.Refresh (5ms)
				TypeCache.ScanAssembly (0ms)
			BuildScriptInfoCaches (113ms)
			ResolveRequiredComponents (7ms)
	FinalizeReload (528ms)
		ReleaseScriptCaches (0ms)
		RebuildScriptCaches (0ms)
		SetupLoadedEditorAssemblies (412ms)
			LogAssemblyErrors (0ms)
			InitializePlatformSupportModulesInManaged (7ms)
			SetLoadedEditorAssemblies (3ms)
			BeforeProcessingInitializeOnLoad (92ms)
			ProcessInitializeOnLoadAttributes (268ms)
			ProcessInitializeOnLoadMethodAttributes (40ms)
			AfterProcessingInitializeOnLoad (3ms)
			EditorAssembliesLoaded (0ms)
		ExecutionOrderSort2 (0ms)
		AwakeInstancesAfterBackupRestoration (12ms)
Refreshing native plugins compatible for Editor in 0.61 ms, found 3 plugins.
Preloading 0 native plugins for Editor in 0.00 ms.
Unloading 14 Unused Serialized files (Serialized files now loaded: 0)
Unloading 6092 unused Assets / (4.9 MB). Loaded Objects now: 6920.
Memory consumption went from 165.2 MB to 160.3 MB.
Total: 6.775600 ms (FindLiveObjects: 0.511800 ms CreateObjectMapping: 0.491300 ms MarkObjects: 3.864600 ms  DeleteObjects: 1.906400 ms)

Prepare: number of updated asset objects reloaded= 0
Editor requested this worker to shutdown with reason: Scaling down because of idle timeout
AssetImportWorker is now disconnected from the server
Process exiting
Exiting without the bug reporter. Application will terminate with return code 0